============================= test session starts =============================
platform win32 -- Python 3.10.11, pytest-9.0.2, pluggy-1.6.0 -- C:\Users\007ha\AppData\Local\Programs\Python\Python310\python.exe
cachedir: .pytest_cache
rootdir: C:\Users\007ha\OneDrive\Desktop\OTHERS\HackNYU-Agora\backend
configfile: pyproject.toml
plugins: anyio-4.11.0, Faker-40.4.0, langsmith-0.7.1, asyncio-1.3.0, cov-7.0.0, timeout-2.4.0
asyncio: mode=strict, debug=False, asyncio_default_fixture_loop_scope=None, asyncio_default_test_loop_scope=function
collecting ... collected 0 items / 1 error

=================================== ERRORS ====================================
_______________ ERROR collecting tests/test_mock_integration.py _______________
tests\test_mock_integration.py:10: in <module>
    from app.services.llm_client import llm_client
app\services\llm_client.py:14: in <module>
    from sentence_transformers import SentenceTransformer
C:\Users\007ha\AppData\Local\Programs\Python\Python310\lib\site-packages\sentence_transformers\__init__.py:15: in <module>
    from sentence_transformers.cross_encoder import (
C:\Users\007ha\AppData\Local\Programs\Python\Python310\lib\site-packages\sentence_transformers\cross_encoder\__init__.py:3: in <module>
    from .CrossEncoder import CrossEncoder
C:\Users\007ha\AppData\Local\Programs\Python\Python310\lib\site-packages\sentence_transformers\cross_encoder\CrossEncoder.py:35: in <module>
    from sentence_transformers.cross_encoder.fit_mixin import FitMixin
C:\Users\007ha\AppData\Local\Programs\Python\Python310\lib\site-packages\sentence_transformers\cross_encoder\fit_mixin.py:16: in <module>
    from transformers import TrainerCallback, TrainerControl, TrainerState, is_torch_npu_available
<frozen importlib._bootstrap>:1075: in _handle_fromlist
    ???
C:\Users\007ha\AppData\Local\Programs\Python\Python310\lib\site-packages\transformers\utils\import_utils.py:2045: in __getattr__
    module = self._get_module(self._class_to_module[name])
C:\Users\007ha\AppData\Local\Programs\Python\Python310\lib\site-packages\transformers\utils\import_utils.py:2239: in _get_module
    raise e
C:\Users\007ha\AppData\Local\Programs\Python\Python310\lib\site-packages\transformers\utils\import_utils.py:2237: in _get_module
    return importlib.import_module("." + module_name, self.__name__)
C:\Users\007ha\AppData\Local\Programs\Python\Python310\lib\importlib\__init__.py:126: in import_module
    return _bootstrap._gcd_import(name[level:], package, level)
C:\Users\007ha\AppData\Local\Programs\Python\Python310\lib\site-packages\transformers\trainer_callback.py:27: in <module>
    from .training_args import TrainingArguments
C:\Users\007ha\AppData\Local\Programs\Python\Python310\lib\site-packages\transformers\training_args.py:71: in <module>
    from .trainer_pt_utils import AcceleratorConfig
C:\Users\007ha\AppData\Local\Programs\Python\Python310\lib\site-packages\transformers\trainer_pt_utils.py:1200: in <module>
    class LayerWiseDummyScheduler(LRScheduler):
E   NameError: name 'LRScheduler' is not defined
------------------------------- Captured stderr -------------------------------
2026-02-16 23:59:07.386 | WARNING  | fastembed.embedding:<module>:7 - DefaultEmbedding, FlagEmbedding, JinaEmbedding are deprecated.Use from fastembed import TextEmbedding instead.
Disabling PyTorch because PyTorch >= 2.4 is required but found 2.1.2
PyTorch was not found. Models won't be available and only tokenizers, configuration and file/data utilities can be used.

A module that was compiled using NumPy 1.x cannot be run in
NumPy 2.2.6 as it may crash. To support both 1.x and 2.x
versions of NumPy, modules must be compiled with NumPy 2.0.
Some module may need to rebuild instead e.g. with 'pybind11>=2.12'.

If you are a user of the module, the easiest solution will be to
downgrade to 'numpy<2' or try to upgrade the affected module.
We expect that some modules will need time to support NumPy 2.

Traceback (most recent call last):  File "C:\Users\007ha\AppData\Local\Programs\Python\Python310\lib\runpy.py", line 196, in _run_module_as_main
    return _run_code(code, main_globals, None,
  File "C:\Users\007ha\AppData\Local\Programs\Python\Python310\lib\runpy.py", line 86, in _run_code
    exec(code, run_globals)
  File "C:\Users\007ha\AppData\Local\Programs\Python\Python310\Scripts\pytest.exe\__main__.py", line 5, in <module>
    sys.exit(console_main())
  File "C:\Users\007ha\AppData\Local\Programs\Python\Python310\lib\site-packages\_pytest\config\__init__.py", line 223, in console_main
    code = main()
  File "C:\Users\007ha\AppData\Local\Programs\Python\Python310\lib\site-packages\_pytest\config\__init__.py", line 199, in main
    ret: ExitCode | int = config.hook.pytest_cmdline_main(config=config)
  File "C:\Users\007ha\AppData\Local\Programs\Python\Python310\lib\site-packages\pluggy\_hooks.py", line 512, in __call__
    return self._hookexec(self.name, self._hookimpls.copy(), kwargs, firstresult)
  File "C:\Users\007ha\AppData\Local\Programs\Python\Python310\lib\site-packages\pluggy\_manager.py", line 120, in _hookexec
    return self._inner_hookexec(hook_name, methods, kwargs, firstresult)
  File "C:\Users\007ha\AppData\Local\Programs\Python\Python310\lib\site-packages\pluggy\_callers.py", line 121, in _multicall
    res = hook_impl.function(*args)
  File "C:\Users\007ha\AppData\Local\Programs\Python\Python310\lib\site-packages\_pytest\main.py", line 365, in pytest_cmdline_main
    return wrap_session(config, _main)
  File "C:\Users\007ha\AppData\Local\Programs\Python\Python310\lib\site-packages\_pytest\main.py", line 318, in wrap_session
    session.exitstatus = doit(config, session) or 0
  File "C:\Users\007ha\AppData\Local\Programs\Python\Python310\lib\site-packages\_pytest\main.py", line 371, in _main
    config.hook.pytest_collection(session=session)
  File "C:\Users\007ha\AppData\Local\Programs\Python\Python310\lib\site-packages\pluggy\_hooks.py", line 512, in __call__
    return self._hookexec(self.name, self._hookimpls.copy(), kwargs, firstresult)
  File "C:\Users\007ha\AppData\Local\Programs\Python\Python310\lib\site-packages\pluggy\_manager.py", line 120, in _hookexec
    return self._inner_hookexec(hook_name, methods, kwargs, firstresult)
  File "C:\Users\007ha\AppData\Local\Programs\Python\Python310\lib\site-packages\pluggy\_callers.py", line 121, in _multicall
    res = hook_impl.function(*args)
  File "C:\Users\007ha\AppData\Local\Programs\Python\Python310\lib\site-packages\_pytest\main.py", line 382, in pytest_collection
    session.perform_collect()
  File "C:\Users\007ha\AppData\Local\Programs\Python\Python310\lib\site-packages\_pytest\main.py", line 857, in perform_collect
    self.items.extend(self.genitems(node))
  File "C:\Users\007ha\AppData\Local\Programs\Python\Python310\lib\site-packages\_pytest\main.py", line 1020, in genitems
    rep, duplicate = self._collect_one_node(node, handle_dupes)
  File "C:\Users\007ha\AppData\Local\Programs\Python\Python310\lib\site-packages\_pytest\main.py", line 883, in _collect_one_node
    rep = collect_one_node(node)
  File "C:\Users\007ha\AppData\Local\Programs\Python\Python310\lib\site-packages\_pytest\runner.py", line 576, in collect_one_node
    rep: CollectReport = ihook.pytest_make_collect_report(collector=collector)
  File "C:\Users\007ha\AppData\Local\Programs\Python\Python310\lib\site-packages\pluggy\_hooks.py", line 512, in __call__
    return self._hookexec(self.name, self._hookimpls.copy(), kwargs, firstresult)
  File "C:\Users\007ha\AppData\Local\Programs\Python\Python310\lib\site-packages\pluggy\_manager.py", line 120, in _hookexec
    return self._inner_hookexec(hook_name, methods, kwargs, firstresult)
  File "C:\Users\007ha\AppData\Local\Programs\Python\Python310\lib\site-packages\pluggy\_callers.py", line 121, in _multicall
    res = hook_impl.function(*args)
  File "C:\Users\007ha\AppData\Local\Programs\Python\Python310\lib\site-packages\_pytest\runner.py", line 400, in pytest_make_collect_report
    call = CallInfo.from_call(
  File "C:\Users\007ha\AppData\Local\Programs\Python\Python310\lib\site-packages\_pytest\runner.py", line 353, in from_call
    result: TResult | None = func()
  File "C:\Users\007ha\AppData\Local\Programs\Python\Python310\lib\site-packages\_pytest\runner.py", line 398, in collect
    return list(collector.collect())
  File "C:\Users\007ha\AppData\Local\Programs\Python\Python310\lib\site-packages\_pytest\python.py", line 563, in collect
    self._register_setup_module_fixture()
  File "C:\Users\007ha\AppData\Local\Programs\Python\Python310\lib\site-packages\_pytest\python.py", line 576, in _register_setup_module_fixture
    self.obj, ("setUpModule", "setup_module")
  File "C:\Users\007ha\AppData\Local\Programs\Python\Python310\lib\site-packages\_pytest\python.py", line 289, in obj
    self._obj = obj = self._getobj()
  File "C:\Users\007ha\AppData\Local\Programs\Python\Python310\lib\site-packages\_pytest\python.py", line 560, in _getobj
    return importtestmodule(self.path, self.config)
  File "C:\Users\007ha\AppData\Local\Programs\Python\Python310\lib\site-packages\_pytest\python.py", line 507, in importtestmodule
    mod = import_path(
  File "C:\Users\007ha\AppData\Local\Programs\Python\Python310\lib\site-packages\_pytest\pathlib.py", line 587, in import_path
    importlib.import_module(module_name)
  File "C:\Users\007ha\AppData\Local\Programs\Python\Python310\lib\importlib\__init__.py", line 126, in import_module
    return _bootstrap._gcd_import(name[level:], package, level)
  File "C:\Users\007ha\AppData\Local\Programs\Python\Python310\lib\site-packages\_pytest\assertion\rewrite.py", line 197, in exec_module
    exec(co, module.__dict__)
  File "C:\Users\007ha\OneDrive\Desktop\OTHERS\HackNYU-Agora\backend\tests\test_mock_integration.py", line 10, in <module>
    from app.services.llm_client import llm_client
  File "C:\Users\007ha\OneDrive\Desktop\OTHERS\HackNYU-Agora\backend\app\services\llm_client.py", line 14, in <module>
    from sentence_transformers import SentenceTransformer
  File "C:\Users\007ha\AppData\Local\Programs\Python\Python310\lib\site-packages\sentence_transformers\__init__.py", line 10, in <module>
    from sentence_transformers.backend import (
  File "C:\Users\007ha\AppData\Local\Programs\Python\Python310\lib\site-packages\sentence_transformers\backend\__init__.py", line 5, in <module>
    from .quantize import export_dynamic_quantized_onnx_model, export_static_quantized_openvino_model
  File "C:\Users\007ha\AppData\Local\Programs\Python\Python310\lib\site-packages\sentence_transformers\backend\quantize.py", line 7, in <module>
    from sentence_transformers.util import disable_datasets_caching, is_datasets_available
  File "C:\Users\007ha\AppData\Local\Programs\Python\Python310\lib\site-packages\sentence_transformers\util\__init__.py", line 4, in <module>
    from .distributed import all_gather, all_gather_with_grad
  File "C:\Users\007ha\AppData\Local\Programs\Python\Python310\lib\site-packages\sentence_transformers\util\distributed.py", line 3, in <module>
    import torch
  File "C:\Users\007ha\AppData\Local\Programs\Python\Python310\lib\site-packages\torch\__init__.py", line 1382, in <module>
    from .functional import *  # noqa: F403
  File "C:\Users\007ha\AppData\Local\Programs\Python\Python310\lib\site-packages\torch\functional.py", line 7, in <module>
    import torch.nn.functional as F
  File "C:\Users\007ha\AppData\Local\Programs\Python\Python310\lib\site-packages\torch\nn\__init__.py", line 1, in <module>
    from .modules import *  # noqa: F403
  File "C:\Users\007ha\AppData\Local\Programs\Python\Python310\lib\site-packages\torch\nn\modules\__init__.py", line 35, in <module>
    from .transformer import TransformerEncoder, TransformerDecoder, \
  File "C:\Users\007ha\AppData\Local\Programs\Python\Python310\lib\site-packages\torch\nn\modules\transformer.py", line 20, in <module>
    device: torch.device = torch.device(torch._C._get_default_device()),  # torch.device('cpu'),
============================== warnings summary ===============================
app\config.py:109
  C:\Users\007ha\OneDrive\Desktop\OTHERS\HackNYU-Agora\backend\app\config.py:109: UserWarning: `assemble_cors_origins` overrides an existing Pydantic `@field_validator` decorator
    def assemble_cors_origins(cls, v: Any) -> list[str] | str:

..\..\..\..\..\AppData\Local\Programs\Python\Python310\lib\site-packages\torch\nn\modules\transformer.py:20
  C:\Users\007ha\AppData\Local\Programs\Python\Python310\lib\site-packages\torch\nn\modules\transformer.py:20: UserWarning: Failed to initialize NumPy: _ARRAY_API not found (Triggered internally at ..\torch\csrc\utils\tensor_numpy.cpp:84.)
    device: torch.device = torch.device(torch._C._get_default_device()),  # torch.device('cpu'),

<frozen importlib._bootstrap>:241
  <frozen importlib._bootstrap>:241: DeprecationWarning: builtin type SwigPyPacked has no __module__ attribute

<frozen importlib._bootstrap>:241
  <frozen importlib._bootstrap>:241: DeprecationWarning: builtin type SwigPyObject has no __module__ attribute

-- Docs: https://docs.pytest.org/en/stable/how-to/capture-warnings.html
=========================== short test summary info ===========================
ERROR tests/test_mock_integration.py - NameError: name 'LRScheduler' is not defined
!!!!!!!!!!!!!!!!!!! Interrupted: 1 error during collection !!!!!!!!!!!!!!!!!!!!
======================== 4 warnings, 1 error in 5.89s =========================
